<?xml version="1.0" encoding="UTF-8"?>
<testng-results ignored="0" total="3" passed="3" failed="0" skipped="0">
  <reporter-output>
  </reporter-output>
  <suite started-at="2022-05-16T11:28:50Z" name="FindingHospitals" finished-at="2022-05-16T11:30:39Z" duration-ms="108731">
    <groups>
    </groups>
    <test started-at="2022-05-16T11:28:50Z" name="SeleniumTesting" finished-at="2022-05-16T11:30:39Z" duration-ms="108731">
      <class name="testSuites.TestCases">
        <test-method is-config="true" signature="invokeBrowser()[pri:0, instance:testSuites.TestCases@302552ec]" started-at="2022-05-16T11:28:50Z" name="invokeBrowser" finished-at="2022-05-16T11:28:54Z" duration-ms="4476" status="PASS">
          <reporter-output>
          </reporter-output>
        </test-method> <!-- invokeBrowser -->
        <test-method signature="hospitalNames()[pri:1, instance:testSuites.TestCases@302552ec]" started-at="2022-05-16T11:28:54Z" name="hospitalNames" finished-at="2022-05-16T11:30:18Z" duration-ms="83378" status="PASS">
          <reporter-output>
          </reporter-output>
        </test-method> <!-- hospitalNames -->
        <test-method signature="TopCities()[pri:2, instance:testSuites.TestCases@302552ec]" started-at="2022-05-16T11:30:18Z" name="TopCities" finished-at="2022-05-16T11:30:25Z" duration-ms="6927" status="PASS">
          <reporter-output>
          </reporter-output>
        </test-method> <!-- TopCities -->
        <test-method signature="corporateWellness()[pri:3, instance:testSuites.TestCases@302552ec]" started-at="2022-05-16T11:30:25Z" name="corporateWellness" finished-at="2022-05-16T11:30:37Z" duration-ms="12461" status="PASS">
          <reporter-output>
          </reporter-output>
        </test-method> <!-- corporateWellness -->
        <test-method is-config="true" signature="closeBrowser()[pri:0, instance:testSuites.TestCases@302552ec]" started-at="2022-05-16T11:30:37Z" name="closeBrowser" finished-at="2022-05-16T11:30:39Z" duration-ms="1432" status="PASS">
          <reporter-output>
          </reporter-output>
        </test-method> <!-- closeBrowser -->
      </class> <!-- testSuites.TestCases -->
    </test> <!-- SeleniumTesting -->
  </suite> <!-- FindingHospitals -->
</testng-results>
