<?xml version="1.0" encoding="UTF-8"?>
<!-- Generated by org.testng.reporters.JUnitXMLReporter -->
<testsuite ignored="0" hostname="DESKTOP-833ND4Q" failures="0" tests="3" name="SeleniumTesting" time="108.731" errors="0" timestamp="16 May 2022 11:30:39 GMT">
  <testcase classname="testSuites.TestCases" name="hospitalNames" time="83.378"/>
  <testcase classname="testSuites.TestCases" name="TopCities" time="6.927"/>
  <testcase classname="testSuites.TestCases" name="corporateWellness" time="12.461"/>
</testsuite> <!-- SeleniumTesting -->
